2025-09-16 14:19:28 | INFO | {'message': 'I just tried a movie! It was amazing.', 'author': 'Alice'}
2025-09-16 14:19:30 | INFO | {'message': 'I just saw a story! It was amazing.', 'author': 'Eve'}
2025-09-16 14:19:33 | INFO | {'message': 'I just tried a trick! It was exciting.', 'author': 'Charlie'}
2025-09-16 14:19:36 | INFO | {'message': 'I just loved a movie! It was funny.', 'author': 'Charlie'}
2025-09-16 14:19:39 | INFO | {'message': 'I just found a movie! It was boring.', 'author': 'Bob'}
2025-09-16 14:19:42 | INFO | {'message': 'I just tried an app! It was boring.', 'author': 'Eve'}
2025-09-16 14:19:45 | INFO | {'message': 'I just saw a story! It was weird.', 'author': 'Charlie'}
2025-09-16 14:19:48 | INFO | {'message': 'I just tried a movie! It was boring.', 'author': 'Eve'}
2025-09-16 14:19:51 | INFO | {'message': 'I just saw a meme! It was funny.', 'author': 'Eve'}
2025-09-16 14:19:54 | INFO | {'message': 'I just tried a meme! It was funny.', 'author': 'Charlie'}
2025-09-16 14:19:57 | INFO | {'message': 'I just loved a meme! It was amazing.', 'author': 'Bob'}
2025-09-16 14:19:59 | INFO | {'message': 'I just saw a trick! It was boring.', 'author': 'Charlie'}
2025-09-16 14:20:02 | INFO | {'message': 'I just found a meme! It was funny.', 'author': 'Bob'}
2025-09-16 14:20:05 | INFO | {'message': 'I just saw a movie! It was exciting.', 'author': 'Eve'}
2025-09-16 14:20:08 | INFO | {'message': 'I just saw a meme! It was funny.', 'author': 'Eve'}
2025-09-16 14:20:11 | INFO | {'message': 'I just shared a movie! It was weird.', 'author': 'Eve'}
2025-09-16 14:20:14 | INFO | {'message': 'I just found a story! It was boring.', 'author': 'Eve'}
2025-09-16 14:20:17 | INFO | {'message': 'I just saw a meme! It was funny.', 'author': 'Alice'}
2025-09-16 14:20:20 | INFO | {'message': 'I just tried a movie! It was funny.', 'author': 'Alice'}
2025-09-16 14:20:23 | INFO | {'message': 'I just tried a movie! It was exciting.', 'author': 'Bob'}
2025-09-16 14:20:26 | INFO | {'message': 'I just tried an app! It was boring.', 'author': 'Charlie'}
2025-09-16 14:20:29 | INFO | {'message': 'I just tried a story! It was funny.', 'author': 'Eve'}
2025-09-16 14:20:31 | INFO | {'message': 'I just loved an app! It was boring.', 'author': 'Alice'}
2025-09-16 14:20:34 | INFO | {'message': 'I just found an app! It was funny.', 'author': 'Charlie'}
2025-09-16 14:20:37 | INFO | {'message': 'I just tried an app! It was funny.', 'author': 'Charlie'}
2025-09-16 14:20:40 | INFO | {'message': 'I just loved a meme! It was weird.', 'author': 'Bob'}
2025-09-16 14:20:43 | INFO | {'message': 'I just tried a movie! It was amazing.', 'author': 'Charlie'}
2025-09-16 14:20:46 | INFO | {'message': 'I just loved a story! It was weird.', 'author': 'Eve'}
2025-09-16 14:20:49 | INFO | {'message': 'I just tried a story! It was amazing.', 'author': 'Alice'}
2025-09-16 14:20:52 | INFO | {'message': 'I just tried a movie! It was boring.', 'author': 'Eve'}
2025-09-16 14:20:55 | INFO | {'message': 'I just tried a story! It was amazing.', 'author': 'Eve'}
2025-09-16 14:20:58 | INFO | {'message': 'I just shared a meme! It was amazing.', 'author': 'Charlie'}
2025-09-16 14:21:01 | INFO | {'message': 'I just found an app! It was weird.', 'author': 'Eve'}
2025-09-16 14:21:02 | INFO | {'message': 'I just tried a trick! It was exciting.', 'author': 'Charlie'}
2025-09-16 14:21:05 | INFO | {'message': 'I just saw a trick! It was exciting.', 'author': 'Charlie'}
2025-09-16 14:21:08 | INFO | {'message': 'I just saw a story! It was boring.', 'author': 'Charlie'}
2025-09-16 14:21:11 | INFO | {'message': 'I just loved a movie! It was amazing.', 'author': 'Bob'}
2025-09-16 14:21:14 | INFO | {'message': 'I just saw an app! It was exciting.', 'author': 'Alice'}
2025-09-16 14:21:17 | INFO | {'message': 'I just saw a meme! It was boring.', 'author': 'Bob'}
2025-09-16 14:21:20 | INFO | {'message': 'I just saw an app! It was amazing.', 'author': 'Charlie'}
2025-09-16 14:21:23 | INFO | {'message': 'I just loved a trick! It was funny.', 'author': 'Alice'}
2025-09-16 14:21:26 | INFO | {'message': 'I just saw an app! It was boring.', 'author': 'Alice'}
2025-09-16 14:21:29 | INFO | {'message': 'I just loved a trick! It was boring.', 'author': 'Alice'}
2025-09-16 14:21:32 | INFO | {'message': 'I just loved an app! It was exciting.', 'author': 'Alice'}
2025-09-16 14:21:34 | INFO | {'message': 'I just found a meme! It was funny.', 'author': 'Charlie'}
2025-09-16 14:21:37 | INFO | {'message': 'I just shared a story! It was weird.', 'author': 'Bob'}
2025-09-16 14:21:40 | INFO | {'message': 'I just shared a story! It was amazing.', 'author': 'Charlie'}
2025-09-16 14:21:43 | INFO | {'message': 'I just shared a movie! It was exciting.', 'author': 'Alice'}
2025-09-16 14:21:46 | INFO | {'message': 'I just saw a movie! It was boring.', 'author': 'Alice'}
2025-09-16 14:21:49 | INFO | {'message': 'I just tried a story! It was funny.', 'author': 'Eve'}
2025-09-16 14:21:52 | INFO | {'message': 'I just found a movie! It was amazing.', 'author': 'Eve'}
2025-09-16 14:21:55 | INFO | {'message': 'I just loved a story! It was funny.', 'author': 'Bob'}
2025-09-16 14:21:58 | INFO | {'message': 'I just tried an app! It was amazing.', 'author': 'Charlie'}
2025-09-16 14:22:01 | INFO | {'message': 'I just found a movie! It was exciting.', 'author': 'Alice'}
2025-09-16 14:22:03 | INFO | {'message': 'I just loved a trick! It was funny.', 'author': 'Alice'}
2025-09-16 14:22:06 | INFO | {'message': 'I just saw a trick! It was boring.', 'author': 'Bob'}
2025-09-16 14:22:09 | INFO | {'message': 'I just found a story! It was boring.', 'author': 'Eve'}
2025-09-16 14:22:12 | INFO | {'message': 'I just shared a trick! It was funny.', 'author': 'Eve'}
2025-09-16 14:22:15 | INFO | {'message': 'I just saw an app! It was funny.', 'author': 'Alice'}
2025-09-16 14:22:18 | INFO | {'message': 'I just loved a story! It was exciting.', 'author': 'Bob'}
2025-09-16 14:22:21 | INFO | {'message': 'I just loved a movie! It was funny.', 'author': 'Bob'}
2025-09-16 14:22:24 | INFO | {'message': 'I just saw a movie! It was weird.', 'author': 'Alice'}
2025-09-16 14:22:27 | INFO | {'message': 'I just found an app! It was amazing.', 'author': 'Bob'}
2025-09-16 14:22:30 | INFO | {'message': 'I just shared an app! It was funny.', 'author': 'Bob'}
2025-09-16 14:22:33 | INFO | {'message': 'I just loved an app! It was funny.', 'author': 'Eve'}
2025-09-16 14:22:35 | INFO | {'message': 'I just shared a meme! It was exciting.', 'author': 'Bob'}
2025-09-16 14:22:38 | INFO | {'message': 'I just tried a story! It was amazing.', 'author': 'Eve'}
2025-09-16 14:22:41 | INFO | {'message': 'I just loved a movie! It was funny.', 'author': 'Eve'}
2025-09-16 14:22:44 | INFO | {'message': 'I just saw a meme! It was boring.', 'author': 'Charlie'}
2025-09-16 14:22:47 | INFO | {'message': 'I just saw a movie! It was boring.', 'author': 'Bob'}
2025-09-16 14:22:50 | INFO | {'message': 'I just saw an app! It was funny.', 'author': 'Eve'}
2025-09-16 14:22:53 | INFO | {'message': 'I just shared a trick! It was boring.', 'author': 'Charlie'}
2025-09-16 14:22:56 | INFO | {'message': 'I just tried a meme! It was funny.', 'author': 'Alice'}
2025-09-16 14:22:59 | INFO | {'message': 'I just found an app! It was boring.', 'author': 'Alice'}
2025-09-16 14:23:02 | INFO | {'message': 'I just loved an app! It was amazing.', 'author': 'Eve'}
2025-09-16 14:23:05 | INFO | {'message': 'I just loved a story! It was boring.', 'author': 'Alice'}
2025-09-16 14:23:07 | INFO | {'message': 'I just tried a meme! It was amazing.', 'author': 'Charlie'}
2025-09-16 14:23:10 | INFO | {'message': 'I just shared a story! It was weird.', 'author': 'Alice'}
2025-09-16 14:23:13 | INFO | {'message': 'I just found a story! It was weird.', 'author': 'Charlie'}
2025-09-16 14:23:16 | INFO | {'message': 'I just saw a meme! It was amazing.', 'author': 'Eve'}
2025-09-16 14:23:19 | INFO | {'message': 'I just shared a movie! It was exciting.', 'author': 'Bob'}
2025-09-16 14:23:22 | INFO | {'message': 'I just found a meme! It was boring.', 'author': 'Charlie'}
2025-09-16 14:23:25 | INFO | {'message': 'I just found an app! It was amazing.', 'author': 'Bob'}
2025-09-16 14:23:28 | INFO | {'message': 'I just shared a movie! It was funny.', 'author': 'Bob'}
2025-09-16 14:23:31 | INFO | {'message': 'I just saw a movie! It was amazing.', 'author': 'Bob'}
2025-09-16 14:23:34 | INFO | {'message': 'I just tried an app! It was weird.', 'author': 'Eve'}
2025-09-16 14:23:36 | INFO | {'message': 'I just found a trick! It was weird.', 'author': 'Charlie'}
2025-09-16 14:23:39 | INFO | {'message': 'I just found a story! It was funny.', 'author': 'Alice'}
2025-09-16 14:23:42 | INFO | {'message': 'I just tried an app! It was exciting.', 'author': 'Charlie'}
2025-09-16 14:23:45 | INFO | {'message': 'I just shared a story! It was weird.', 'author': 'Charlie'}
2025-09-16 14:23:48 | INFO | {'message': 'I just shared a trick! It was boring.', 'author': 'Bob'}
2025-09-16 14:23:51 | INFO | {'message': 'I just tried a movie! It was amazing.', 'author': 'Bob'}
2025-09-16 14:23:54 | INFO | {'message': 'I just shared a meme! It was amazing.', 'author': 'Charlie'}
2025-09-16 14:23:57 | INFO | {'message': 'I just tried a trick! It was exciting.', 'author': 'Alice'}
2025-09-16 14:24:00 | INFO | {'message': 'I just loved a story! It was boring.', 'author': 'Eve'}
2025-09-16 14:24:03 | INFO | {'message': 'I just found a trick! It was amazing.', 'author': 'Bob'}
2025-09-16 14:24:06 | INFO | {'message': 'I just shared a movie! It was amazing.', 'author': 'Alice'}
2025-09-16 14:24:07 | INFO | {'message': 'I just tried a trick! It was funny.', 'author': 'Charlie'}
2025-09-16 14:24:10 | INFO | {'message': 'I just shared a story! It was boring.', 'author': 'Eve'}
2025-09-16 14:24:13 | INFO | {'message': 'I just shared a movie! It was exciting.', 'author': 'Eve'}
2025-09-16 14:24:16 | INFO | {'message': 'I just tried an app! It was amazing.', 'author': 'Alice'}
